[debug] [2025-06-19T04:56:28.287Z] ----------------------------------------------------------------------
[debug] [2025-06-19T04:56:28.288Z] Command:       /home/ami-trainee/.nvm/versions/node/v22.14.0/bin/node /home/ami-trainee/.nvm/versions/node/v22.14.0/bin/firebase deploy
[debug] [2025-06-19T04:56:28.289Z] CLI Version:   14.7.0
[debug] [2025-06-19T04:56:28.289Z] Platform:      linux
[debug] [2025-06-19T04:56:28.289Z] Node Version:  v22.14.0
[debug] [2025-06-19T04:56:28.289Z] Time:          Thu Jun 19 2025 10:26:28 GMT+0530 (India Standard Time)
[debug] [2025-06-19T04:56:28.289Z] ----------------------------------------------------------------------
[debug] 
[debug] [2025-06-19T04:56:28.377Z] > command requires scopes: ["email","openid","https://www.googleapis.com/auth/cloudplatformprojects.readonly","https://www.googleapis.com/auth/firebase","https://www.googleapis.com/auth/cloud-platform"]
[debug] [2025-06-19T04:56:28.377Z] > authorizing via signed-in user (mohamedukkasha24@gmail.com)
[debug] [2025-06-19T04:56:28.377Z] [iam] checking project asr-works-e6863 for permissions ["datastore.indexes.create","datastore.indexes.delete","datastore.indexes.list","datastore.indexes.update","firebase.projects.get","firebasehosting.sites.update"]
[debug] [2025-06-19T04:56:28.377Z] Checked if tokens are valid: false, expires at: 1750233264993
[debug] [2025-06-19T04:56:28.377Z] Checked if tokens are valid: false, expires at: 1750233264993
[debug] [2025-06-19T04:56:28.377Z] > refreshing access token with scopes: []
[debug] [2025-06-19T04:56:28.378Z] >>> [apiv2][query] POST https://www.googleapis.com/oauth2/v3/token [none]
[debug] [2025-06-19T04:56:28.378Z] >>> [apiv2][body] POST https://www.googleapis.com/oauth2/v3/token [omitted]
[debug] [2025-06-19T04:56:28.617Z] <<< [apiv2][status] POST https://www.googleapis.com/oauth2/v3/token 200
[debug] [2025-06-19T04:56:28.617Z] <<< [apiv2][body] POST https://www.googleapis.com/oauth2/v3/token [omitted]
[debug] [2025-06-19T04:56:28.623Z] >>> [apiv2][query] POST https://cloudresourcemanager.googleapis.com/v1/projects/asr-works-e6863:testIamPermissions [none]
[debug] [2025-06-19T04:56:28.623Z] >>> [apiv2][(partial)header] POST https://cloudresourcemanager.googleapis.com/v1/projects/asr-works-e6863:testIamPermissions x-goog-quota-user=projects/asr-works-e6863
[debug] [2025-06-19T04:56:28.623Z] >>> [apiv2][body] POST https://cloudresourcemanager.googleapis.com/v1/projects/asr-works-e6863:testIamPermissions {"permissions":["datastore.indexes.create","datastore.indexes.delete","datastore.indexes.list","datastore.indexes.update","firebase.projects.get","firebasehosting.sites.update"]}
[debug] [2025-06-19T04:56:30.218Z] <<< [apiv2][status] POST https://cloudresourcemanager.googleapis.com/v1/projects/asr-works-e6863:testIamPermissions 200
[debug] [2025-06-19T04:56:30.219Z] <<< [apiv2][body] POST https://cloudresourcemanager.googleapis.com/v1/projects/asr-works-e6863:testIamPermissions {}
[debug] [2025-06-19T04:56:30.219Z] [iam] error while checking permissions, command may fail: Authorization failed. This account is missing the following required permissions on project asr-works-e6863:

  datastore.indexes.create
  datastore.indexes.delete
  datastore.indexes.list
  datastore.indexes.update
  firebase.projects.get
  firebasehosting.sites.update
[debug] [2025-06-19T04:56:30.220Z] Checked if tokens are valid: true, expires at: 1750312587617
[debug] [2025-06-19T04:56:30.220Z] Checked if tokens are valid: true, expires at: 1750312587617
[debug] [2025-06-19T04:56:30.220Z] >>> [apiv2][query] GET https://firebase.googleapis.com/v1beta1/projects/asr-works-e6863 [none]
[debug] [2025-06-19T04:56:30.825Z] <<< [apiv2][status] GET https://firebase.googleapis.com/v1beta1/projects/asr-works-e6863 403
[debug] [2025-06-19T04:56:30.825Z] <<< [apiv2][body] GET https://firebase.googleapis.com/v1beta1/projects/asr-works-e6863 {"error":{"code":403,"message":"The caller does not have permission","status":"PERMISSION_DENIED"}}
[debug] [2025-06-19T04:56:30.827Z] Request to https://firebase.googleapis.com/v1beta1/projects/asr-works-e6863 had HTTP Error: 403, The caller does not have permission
[debug] [2025-06-19T04:56:30.995Z] FirebaseError: Request to https://firebase.googleapis.com/v1beta1/projects/asr-works-e6863 had HTTP Error: 403, The caller does not have permission
    at responseToError (/home/ami-trainee/.nvm/versions/node/v22.14.0/lib/node_modules/firebase-tools/lib/responseToError.js:52:12)
    at RetryOperation._fn (/home/ami-trainee/.nvm/versions/node/v22.14.0/lib/node_modules/firebase-tools/lib/apiv2.js:312:77)
    at process.processTicksAndRejections (node:internal/process/task_queues:105:5)
[error] 
[error] Error: Failed to get Firebase project asr-works-e6863. Please make sure the project exists and your account has permission to access it.
